[Licensing::Module] Trying to connect to existing licensing client channel...
Built from '6000.3/staging' branch; Version is '6000.3.8f1 (1c7db571dde0) revision 1867189'; Using compiler version '194234433'; Build Type 'Release'
OS: 'Windows 11  (10.0.26200) Professional' Language: 'en' Physical Memory: 64871 MB
[Licensing::IpcConnector] Successfully connected to: "LicenseClient-gamelabpc" at "2026-02-16T10:02:07.9842541Z"
BatchMode: 1, IsHumanControllingUs: 0, StartBugReporterOnCrash: 0, Is64bit: 1
System  architecture: x64
Process architecture: x64
Date: 2026-02-16T10:02:07Z

COMMAND LINE ARGUMENTS:
C:\Program Files\Unity\Hub\Editor\6000.3.8f1\Editor\Unity.exe
-adb2
-batchMode
-noUpm
-name
AssetImportWorker2
-projectPath
D:/Workspace/Unity/witchfootball/Witch Football
-logFile
Logs/AssetImportWorker2.log
-srvPort
58622
-licensingIpc
LicenseClient-gamelabpc
-job-worker-count
11
-background-job-worker-count
8
-gc-helper-count
1
-name
AssetImport
Successfully changed project path to: D:/Workspace/Unity/witchfootball/Witch Football
D:/Workspace/Unity/witchfootball/Witch Football
[UnityMemory] Configuration Parameters - Can be set up in boot.config
    "memorysetup-temp-allocator-size-nav-mesh-worker=65536"
    "memorysetup-temp-allocator-size-audio-worker=65536"
    "memorysetup-temp-allocator-size-gfx=262144"
    "memorysetup-allocator-temp-initial-block-size-main=262144"
    "memorysetup-allocator-temp-initial-block-size-worker=262144"
    "memorysetup-temp-allocator-size-background-worker=32768"
    "memorysetup-temp-allocator-size-job-worker=262144"
    "memorysetup-temp-allocator-size-preload-manager=33554432"
    "memorysetup-temp-allocator-size-gi-baking-worker=262144"
    "memorysetup-temp-allocator-size-gi-baking-worker=262144"
    "memorysetup-temp-allocator-size-gi-baking-worker=262144"
    "memorysetup-temp-allocator-size-gi-baking-worker=262144"
    "memorysetup-temp-allocator-size-gi-baking-worker=262144"
    "memorysetup-bucket-allocator-granularity=16"
    "memorysetup-bucket-allocator-bucket-count=8"
    "memorysetup-bucket-allocator-block-size=33554432"
    "memorysetup-bucket-allocator-block-count=8"
    "memorysetup-main-allocator-block-size=16777216"
    "memorysetup-thread-allocator-block-size=16777216"
    "memorysetup-gfx-main-allocator-block-size=16777216"
    "memorysetup-gfx-thread-allocator-block-size=16777216"
    "memorysetup-cache-allocator-block-size=4194304"
    "memorysetup-typetree-allocator-block-size=2097152"
    "memorysetup-profiler-bucket-allocator-granularity=16"
    "memorysetup-profiler-bucket-allocator-bucket-count=8"
    "memorysetup-profiler-bucket-allocator-block-size=33554432"
    "memorysetup-profiler-bucket-allocator-block-count=8"
    "memorysetup-profiler-allocator-block-size=16777216"
    "memorysetup-profiler-editor-allocator-block-size=1048576"
    "memorysetup-temp-allocator-size-main=16777216"
    "memorysetup-job-temp-allocator-block-size=2097152"
    "memorysetup-job-temp-allocator-block-size-background=1048576"
    "memorysetup-job-temp-allocator-reduction-small-platforms=262144"
    "memorysetup-temp-allocator-size-cloud-worker=32768"
Player connection [41040]  Target information:

Player connection [41040]  * "[IP] 140.118.157.29 [Port] 0 [Flags] 2 [Guid] 2528904745 [EditorId] 2528904745 [Version] 1048832 [Id] WindowsEditor(7,GAMELABPC) [Debug] 1 [PackageName] WindowsEditor [ProjectName] Editor" 

Player connection [41040]  * "[IP] 172.29.192.1 [Port] 0 [Flags] 2 [Guid] 2528904745 [EditorId] 2528904745 [Version] 1048832 [Id] WindowsEditor(7,GAMELABPC) [Debug] 1 [PackageName] WindowsEditor [ProjectName] Editor" 

Player connection [41040] Host joined multi-casting on [225.0.0.222:54997]...
Player connection [41040] Host joined alternative multi-casting on [225.0.0.222:34997]...
JobSystem: Creating JobQueue using job-worker-count value 11
Input System module state changed to: Initialized.
[Physics::Module] Initialized fallback backend.
[Physics::Module] Id: 0xdecafbad
Library Redirect Path: Library/
[Physics::Module] Selected backend.
[Physics::Module] Name: PhysX
[Physics::Module] Id: 0xf2b8ea05
[Physics::Module] SDK Version: 4.1.2
[Physics::Module] Integration Version: 1.0.0
[Physics::Module] Threading Mode: Multi-Threaded
Refreshing native plugins compatible for Editor in 1.99 ms, found 2 plugins.
Preloading 0 native plugins for Editor in 0.00 ms.
Initialize engine version: 6000.3.8f1 (1c7db571dde0)
[Subsystems] Discovering subsystems at path C:/Program Files/Unity/Hub/Editor/6000.3.8f1/Editor/Data/Resources/UnitySubsystems
[Subsystems] Discovering subsystems at path D:/Workspace/Unity/witchfootball/Witch Football/Assets
GfxDevice: creating device client; kGfxThreadingModeNonThreaded
Direct3D:
    Version:  Direct3D 11.0 [level 11.1]
    Renderer: NVIDIA GeForce RTX 5090 (ID=0x2b85)
    Vendor:   NVIDIA
    VRAM:     32101 MB
    Driver:   32.0.15.7688
Initialize mono
Mono path[0] = 'C:/Program Files/Unity/Hub/Editor/6000.3.8f1/Editor/Data/Managed'
Mono path[1] = 'C:/Program Files/Unity/Hub/Editor/6000.3.8f1/Editor/Data/MonoBleedingEdge/lib/mono/unityjit-win32'
Mono config path = 'C:/Program Files/Unity/Hub/Editor/6000.3.8f1/Editor/Data/MonoBleedingEdge/etc'
Using monoOptions --debugger-agent=transport=dt_socket,embedding=1,server=y,suspend=n,address=127.0.0.1:56048
Begin MonoManager ReloadAssembly
[Licensing::Client] Handshaking with LicensingClient:
  Version:                 1.17.4+4293ba1
  Session Id:              e0179913af9746d5b0078135ad11b6b7
  Correlation Id:          721cf2656ffacb250bf3f36ba4e5ce48
  External correlation Id: 1542031251652561142
  Machine Id:              P6zdviS0cBFhsQD6Zm7kZUJ7sSk=
[Licensing::Module] Successfully connected to LicensingClient on channel: "LicenseClient-gamelabpc" (connect: 0.00s, validation: 0.00s, handshake: 0.63s)
[Licensing::IpcConnector] Successfully connected to: "LicenseClient-gamelabpc-notifications" at "2026-02-16T10:02:08.6113583Z"
[Licensing::Module] Licensing Background thread has ended after 0.63s
Registering precompiled unity dll's ...
Register platform support module: C:/Program Files/Unity/Hub/Editor/6000.3.8f1/Editor/Data/PlaybackEngines/WebGLSupport/UnityEditor.WebGL.Extensions.dll
Register platform support module: C:/Program Files/Unity/Hub/Editor/6000.3.8f1/Editor/Data/PlaybackEngines/WindowsStandaloneSupport/UnityEditor.WindowsStandalone.Extensions.dll
Registered in 0.001568 seconds.
- Loaded All Assemblies, in  0.249 seconds
Native extension for WindowsStandalone target not found
Native extension for WebGL target not found
ScheduleIndexationOnStartup MainProcess:False IndexOnStartup:True
Mono: successfully reloaded assembly
- Finished resetting the current domain, in  0.250 seconds
Domain Reload Profiling: 497ms
	BeginReloadAssembly (81ms)
		ExecutionOrderSort (0ms)
		DisableScriptedObjects (0ms)
		BackupInstance (0ms)
		ReleaseScriptingObjects (0ms)
		CreateAndSetChildDomain (0ms)
	RebuildCommonClasses (22ms)
	RebuildNativeTypeToScriptingClass (8ms)
	initialDomainReloadingComplete (27ms)
	LoadAllAssembliesAndSetupDomain (110ms)
		LoadAssemblies (79ms)
		RebuildTransferFunctionScriptingTraits (0ms)
		AnalyzeDomain (107ms)
			TypeCache.Refresh (106ms)
				TypeCache.ScanAssembly (95ms)
			BuildScriptInfoCaches (0ms)
			ResolveRequiredComponents (0ms)
	FinalizeReload (250ms)
		ReleaseScriptCaches (0ms)
		RebuildScriptCaches (0ms)
		SetupLoadedEditorAssemblies (226ms)
			LogAssemblyErrors (0ms)
			InitializePlatformSupportModulesInManaged (31ms)
			SetLoadedEditorAssemblies (2ms)
			BeforeProcessingInitializeOnLoad (48ms)
			ProcessInitializeOnLoadAttributes (99ms)
			ProcessInitializeOnLoadMethodAttributes (46ms)
			AfterProcessingInitializeOnLoad (0ms)
			EditorAssembliesLoaded (0ms)
		ExecutionOrderSort2 (0ms)
		AwakeInstancesAfterBackupRestoration (0ms)
========================================================================
Worker process is ready to serve import requests
Import Worker Mode flag is 0x00
Begin MonoManager ReloadAssembly
[Licensing::Client] Successfully resolved entitlement details
[Licensing::Module] License group:
  Id: 5235634-UnityPersXXXX
  Product: Unity Personal
  Type: Assigned
  Expiration: Unlimited
Symbol file LoadedFromMemory is not a mono symbol file
- Loaded All Assemblies, in  0.382 seconds
Refreshing native plugins compatible for Editor in 1.45 ms, found 2 plugins.
Native extension for WindowsStandalone target not found
Native extension for WebGL target not found
Refreshing native plugins compatible for Editor in 1.41 ms, found 2 plugins.
Package Manager log level set to [2]
[Package Manager] Failed to launch server process. Reason: Unity was launched with the -noUpm command-line argument
[Package Manager] Unable to send message (not connected to server process).
[Package Manager] Cannot connect to Unity Package Manager local server
ScheduleIndexationOnStartup MainProcess:False IndexOnStartup:True
Mono: successfully reloaded assembly
- Finished resetting the current domain, in  0.434 seconds
Domain Reload Profiling: 815ms
	BeginReloadAssembly (115ms)
		ExecutionOrderSort (0ms)
		DisableScriptedObjects (4ms)
		BackupInstance (0ms)
		ReleaseScriptingObjects (0ms)
		CreateAndSetChildDomain (24ms)
	RebuildCommonClasses (22ms)
	RebuildNativeTypeToScriptingClass (7ms)
	initialDomainReloadingComplete (20ms)
	LoadAllAssembliesAndSetupDomain (216ms)
		LoadAssemblies (191ms)
		RebuildTransferFunctionScriptingTraits (0ms)
		AnalyzeDomain (85ms)
			TypeCache.Refresh (63ms)
				TypeCache.ScanAssembly (51ms)
			BuildScriptInfoCaches (18ms)
			ResolveRequiredComponents (2ms)
	FinalizeReload (434ms)
		ReleaseScriptCaches (0ms)
		RebuildScriptCaches (0ms)
		SetupLoadedEditorAssemblies (361ms)
			LogAssemblyErrors (0ms)
			InitializePlatformSupportModulesInManaged (2ms)
			SetLoadedEditorAssemblies (3ms)
			BeforeProcessingInitializeOnLoad (76ms)
			ProcessInitializeOnLoadAttributes (174ms)
			ProcessInitializeOnLoadMethodAttributes (104ms)
			AfterProcessingInitializeOnLoad (3ms)
			EditorAssembliesLoaded (0ms)
		ExecutionOrderSort2 (0ms)
		AwakeInstancesAfterBackupRestoration (4ms)
Launched and connected shader compiler UnityShaderCompiler.exe after 0.01 seconds
Refreshing native plugins compatible for Editor in 1.40 ms, found 2 plugins.
Preloading 0 native plugins for Editor in 0.00 ms.
Unloading 4 Unused Serialized files (Serialized files now loaded: 0)
Unloading 2969 unused Assets / (1.1 MB). Loaded Objects now: 3557.
Memory consumption went from 92.8 MB to 91.7 MB.
Total: 7.564000 ms (FindLiveObjects: 0.310200 ms CreateObjectMapping: 0.352800 ms MarkObjects: 6.092800 ms  DeleteObjects: 0.804700 ms)

========================================================================
Received Import Request.
  Time since last request: 445458.652535 seconds.
  path: Assets/Scripts/PinUp.cs
  artifactKey: Guid(4acb8fd65b932cc4a8ae437b18c33993) Importer(2089858483,b0f066a214c2f5e87bad3c948f4d605d)
Start importing Assets/Scripts/PinUp.cs using Guid(4acb8fd65b932cc4a8ae437b18c33993) Importer(2089858483,b0f066a214c2f5e87bad3c948f4d605d) (ScriptedImporter) -> (artifact id: '25431b9d1db589820036b4ab0ada3862') in 0.0638363 seconds
Number of updated asset objects reloaded before import = 0Number of asset objects unloaded after import = 0

========================================================================
Received Import Request.
  Time since last request: 0.000015 seconds.
  path: Assets/Resources/CircleHUD.png
  artifactKey: Guid(1ced4c20141ad444a8d458c380ca28f6) Importer(2089858483,b0f066a214c2f5e87bad3c948f4d605d)
Start importing Assets/Resources/CircleHUD.png using Guid(1ced4c20141ad444a8d458c380ca28f6) Importer(2089858483,b0f066a214c2f5e87bad3c948f4d605d) (ScriptedImporter) -> (artifact id: '9414ed133f6c0a55d37c93ac47d897fb') in 0.0382295 seconds
Number of updated asset objects reloaded before import = 0Number of asset objects unloaded after import = 3

========================================================================
Received Import Request.
  Time since last request: 0.000015 seconds.
  path: Assets/Music/Ambient/Raven.wav
  artifactKey: Guid(490c759235d27f4418508c23a3955972) Importer(2089858483,b0f066a214c2f5e87bad3c948f4d605d)
Start importing Assets/Music/Ambient/Raven.wav using Guid(490c759235d27f4418508c23a3955972) Importer(2089858483,b0f066a214c2f5e87bad3c948f4d605d) (ScriptedImporter) -> (artifact id: '9ba2f89fd86066fb1eac1f0958f0e36b') in 0.0226964 seconds
Number of updated asset objects reloaded before import = 0Number of asset objects unloaded after import = 1

========================================================================
Received Import Request.
  Time since last request: 0.000015 seconds.
  path: Assets/Scripts/Goal.cs
  artifactKey: Guid(9213ae09f33c9bb44998048dfe2476ae) Importer(2089858483,b0f066a214c2f5e87bad3c948f4d605d)
Start importing Assets/Scripts/Goal.cs using Guid(9213ae09f33c9bb44998048dfe2476ae) Importer(2089858483,b0f066a214c2f5e87bad3c948f4d605d) (ScriptedImporter) -> (artifact id: 'e162d970e589a8cf4c785227e0416f74') in 0.0088298 seconds
Number of updated asset objects reloaded before import = 0Number of asset objects unloaded after import = 0

========================================================================
Received Import Request.
  Time since last request: 0.000016 seconds.
  path: Assets/Resources/MannaBar Background.png
  artifactKey: Guid(706e60638edc6c841a95644b2deb5403) Importer(2089858483,b0f066a214c2f5e87bad3c948f4d605d)
Start importing Assets/Resources/MannaBar Background.png using Guid(706e60638edc6c841a95644b2deb5403) Importer(2089858483,b0f066a214c2f5e87bad3c948f4d605d) (ScriptedImporter) -> (artifact id: 'd8f21a64b7e1c966ed21430a1c7dfed6') in 0.009611 seconds
Number of updated asset objects reloaded before import = 0Number of asset objects unloaded after import = 3

========================================================================
Received Import Request.
  Time since last request: 0.000013 seconds.
  path: Assets/Music/Ambient/Wind.wav
  artifactKey: Guid(cd8f2ef6a1cca26419bec4745aedd93d) Importer(2089858483,b0f066a214c2f5e87bad3c948f4d605d)
Start importing Assets/Music/Ambient/Wind.wav using Guid(cd8f2ef6a1cca26419bec4745aedd93d) Importer(2089858483,b0f066a214c2f5e87bad3c948f4d605d) (ScriptedImporter) -> (artifact id: 'e02d74a407055fb0b8997a42bc251181') in 0.227246 seconds
Number of updated asset objects reloaded before import = 0Number of asset objects unloaded after import = 1

========================================================================
Received Import Request.
  Time since last request: 0.000149 seconds.
  path: Assets/Music/Ambient/Snowing.wav
  artifactKey: Guid(3eae15381bbb34046a6a2ad80da155f1) Importer(2089858483,b0f066a214c2f5e87bad3c948f4d605d)
Start importing Assets/Music/Ambient/Snowing.wav using Guid(3eae15381bbb34046a6a2ad80da155f1) Importer(2089858483,b0f066a214c2f5e87bad3c948f4d605d) (ScriptedImporter) -> (artifact id: '79f4e48eb786240603ee6ec512d0cbeb') in 0.0311074 seconds
Number of updated asset objects reloaded before import = 0Number of asset objects unloaded after import = 1

========================================================================
Received Import Request.
  Time since last request: 0.000020 seconds.
  path: Assets/Resources/GoldCircleHUD.png
  artifactKey: Guid(16095cd6adf0b374b98434b98cbcd413) Importer(2089858483,b0f066a214c2f5e87bad3c948f4d605d)
Start importing Assets/Resources/GoldCircleHUD.png using Guid(16095cd6adf0b374b98434b98cbcd413) Importer(2089858483,b0f066a214c2f5e87bad3c948f4d605d) (ScriptedImporter) -> (artifact id: '305d68ecc4abb21fc910f5495d7833f6') in 0.0298623 seconds
Number of updated asset objects reloaded before import = 0Number of asset objects unloaded after import = 3

========================================================================
Received Import Request.
  Time since last request: 0.000019 seconds.
  path: Assets/Prefabs/Ball.prefab
  artifactKey: Guid(3a7c9a0867cd4154bb8a6e138f40c115) Importer(2089858483,b0f066a214c2f5e87bad3c948f4d605d)
Start importing Assets/Prefabs/Ball.prefab using Guid(3a7c9a0867cd4154bb8a6e138f40c115) Importer(2089858483,b0f066a214c2f5e87bad3c948f4d605d) (ScriptedImporter) -> (artifact id: '014f849d3c40abd90367136219001c10') in 0.0535086 seconds
Number of updated asset objects reloaded before import = 0Number of asset objects unloaded after import = 29

========================================================================
Received Import Request.
  Time since last request: 0.000019 seconds.
  path: Assets/Scripts/UIController.cs
  artifactKey: Guid(c836b73349e57c14cac4d3602048455d) Importer(2089858483,b0f066a214c2f5e87bad3c948f4d605d)
Start importing Assets/Scripts/UIController.cs using Guid(c836b73349e57c14cac4d3602048455d) Importer(2089858483,b0f066a214c2f5e87bad3c948f4d605d) (ScriptedImporter) -> (artifact id: '386de31954824cffb68c74b93f2f3292') in 0.0095932 seconds
Number of updated asset objects reloaded before import = 0Number of asset objects unloaded after import = 0

========================================================================
Received Import Request.
  Time since last request: 0.000118 seconds.
  path: Assets/Resources/PressStart2P.ttf
  artifactKey: Guid(4fbaa92bb9811ba4881bcc51f357bf23) Importer(2089858483,b0f066a214c2f5e87bad3c948f4d605d)
Start importing Assets/Resources/PressStart2P.ttf using Guid(4fbaa92bb9811ba4881bcc51f357bf23) Importer(2089858483,b0f066a214c2f5e87bad3c948f4d605d) (ScriptedImporter) -> (artifact id: '223ca6686c673bcaaf10d1f0d54d1875') in 0.0169038 seconds
Number of updated asset objects reloaded before import = 0Number of asset objects unloaded after import = 3

========================================================================
Received Import Request.
  Time since last request: 0.000018 seconds.
  path: Assets/Prefabs/UI/TitlePopUp.prefab
  artifactKey: Guid(b19b5ee3b4ec1ac4b96de71d352a2d0a) Importer(2089858483,b0f066a214c2f5e87bad3c948f4d605d)
Start importing Assets/Prefabs/UI/TitlePopUp.prefab using Guid(b19b5ee3b4ec1ac4b96de71d352a2d0a) Importer(2089858483,b0f066a214c2f5e87bad3c948f4d605d) (ScriptedImporter) -> (artifact id: 'dcd80e04fef5a294b7ea19766617e5f8') in 0.0520698 seconds
Number of updated asset objects reloaded before import = 0Number of asset objects unloaded after import = 15

========================================================================
Received Import Request.
  Time since last request: 0.000015 seconds.
  path: Assets/Music/Ambient/Ghostly.wav
  artifactKey: Guid(5e8eda3ad044b5943ba56349861abee5) Importer(2089858483,b0f066a214c2f5e87bad3c948f4d605d)
Start importing Assets/Music/Ambient/Ghostly.wav using Guid(5e8eda3ad044b5943ba56349861abee5) Importer(2089858483,b0f066a214c2f5e87bad3c948f4d605d) (ScriptedImporter) -> (artifact id: '95337fb271ccd1858e4c26737f56a046') in 0.0179301 seconds
Number of updated asset objects reloaded before import = 0Number of asset objects unloaded after import = 1

========================================================================
Received Import Request.
  Time since last request: 0.000038 seconds.
  path: Assets/Music/Ambient/Storm.wav
  artifactKey: Guid(69683d91dab015c4383d2e2b374c4da1) Importer(2089858483,b0f066a214c2f5e87bad3c948f4d605d)
Start importing Assets/Music/Ambient/Storm.wav using Guid(69683d91dab015c4383d2e2b374c4da1) Importer(2089858483,b0f066a214c2f5e87bad3c948f4d605d) (ScriptedImporter) -> (artifact id: '6f110a6b769d2cf47631f14528cf8893') in 0.2340906 seconds
Number of updated asset objects reloaded before import = 0Number of asset objects unloaded after import = 1

========================================================================
Received Import Request.
  Time since last request: 0.000021 seconds.
  path: Assets/Resources/Texture/Tile_Lava.png
  artifactKey: Guid(fcfa2675cdcf19e4fb1f9236fb74b01d) Importer(2089858483,b0f066a214c2f5e87bad3c948f4d605d)
Start importing Assets/Resources/Texture/Tile_Lava.png using Guid(fcfa2675cdcf19e4fb1f9236fb74b01d) Importer(2089858483,b0f066a214c2f5e87bad3c948f4d605d) (ScriptedImporter) -> (artifact id: '70b1ab49937de9507babf4ef1ec712eb') in 0.0139955 seconds
Number of updated asset objects reloaded before import = 0Number of asset objects unloaded after import = 1

========================================================================
Received Import Request.
  Time since last request: 0.000025 seconds.
  path: Assets/TextMesh Pro/Resources/LineBreaking Leading Characters.txt
  artifactKey: Guid(d82c1b31c7e74239bff1220585707d2b) Importer(2089858483,b0f066a214c2f5e87bad3c948f4d605d)
Start importing Assets/TextMesh Pro/Resources/LineBreaking Leading Characters.txt using Guid(d82c1b31c7e74239bff1220585707d2b) Importer(2089858483,b0f066a214c2f5e87bad3c948f4d605d) (ScriptedImporter) -> (artifact id: '993a67fc05fd4a0f457578d73b2469cc') in 0.0098408 seconds
Number of updated asset objects reloaded before import = 0Number of asset objects unloaded after import = 1

========================================================================
Received Import Request.
  Time since last request: 0.000017 seconds.
  path: Assets/Resources/Material/Bouncy Ball.physicMaterial
  artifactKey: Guid(2e4257136818f4a4297ed746b73475ae) Importer(2089858483,b0f066a214c2f5e87bad3c948f4d605d)
Start importing Assets/Resources/Material/Bouncy Ball.physicMaterial using Guid(2e4257136818f4a4297ed746b73475ae) Importer(2089858483,b0f066a214c2f5e87bad3c948f4d605d) (ScriptedImporter) -> (artifact id: 'ad40eaad02c6b91d7abc2755af7000ee') in 0.0104734 seconds
Number of updated asset objects reloaded before import = 0Number of asset objects unloaded after import = 1

========================================================================
Received Import Request.
  Time since last request: 0.000017 seconds.
  path: Assets/Scripts/Sounds/AmbientSFXManager.cs
  artifactKey: Guid(0a693e852f39196499526c59fc1149f6) Importer(2089858483,b0f066a214c2f5e87bad3c948f4d605d)
Start importing Assets/Scripts/Sounds/AmbientSFXManager.cs using Guid(0a693e852f39196499526c59fc1149f6) Importer(2089858483,b0f066a214c2f5e87bad3c948f4d605d) (ScriptedImporter) -> (artifact id: 'f354d5b03bb801ecc8ffead4a990edca') in 0.0099759 seconds
Number of updated asset objects reloaded before import = 0Number of asset objects unloaded after import = 0

========================================================================
Received Import Request.
  Time since last request: 0.000018 seconds.
  path: Assets/TextMesh Pro/Shaders/SDFFunctions.hlsl
  artifactKey: Guid(96de908384869cd409c75efa351d5edf) Importer(2089858483,b0f066a214c2f5e87bad3c948f4d605d)
Start importing Assets/TextMesh Pro/Shaders/SDFFunctions.hlsl using Guid(96de908384869cd409c75efa351d5edf) Importer(2089858483,b0f066a214c2f5e87bad3c948f4d605d) (ScriptedImporter) -> (artifact id: '37066ca87c7130ff4896350db25b8269') in 0.0158512 seconds
Number of updated asset objects reloaded before import = 0Number of asset objects unloaded after import = 1

========================================================================
Received Import Request.
  Time since last request: 0.000035 seconds.
  path: Assets/Scripts/Sounds/BallSFXManager.cs
  artifactKey: Guid(a1f2ac10735881d4fb495732207fd337) Importer(2089858483,b0f066a214c2f5e87bad3c948f4d605d)
Start importing Assets/Scripts/Sounds/BallSFXManager.cs using Guid(a1f2ac10735881d4fb495732207fd337) Importer(2089858483,b0f066a214c2f5e87bad3c948f4d605d) (ScriptedImporter) -> (artifact id: '698fa0f2ef80987197d36ea17cf364ac') in 0.0081661 seconds
Number of updated asset objects reloaded before import = 0Number of asset objects unloaded after import = 0

========================================================================
Received Import Request.
  Time since last request: 0.000030 seconds.
  path: Assets/TextMesh Pro/Fonts/LiberationSans - OFL.txt
  artifactKey: Guid(6e59c59b81ab47f9b6ec5781fa725d2c) Importer(2089858483,b0f066a214c2f5e87bad3c948f4d605d)
Start importing Assets/TextMesh Pro/Fonts/LiberationSans - OFL.txt using Guid(6e59c59b81ab47f9b6ec5781fa725d2c) Importer(2089858483,b0f066a214c2f5e87bad3c948f4d605d) (ScriptedImporter) -> (artifact id: 'cf9763ebd6d07d5ccff8064a7106764f') in 0.0079288 seconds
Number of updated asset objects reloaded before import = 0Number of asset objects unloaded after import = 1

========================================================================
Received Import Request.
  Time since last request: 0.000016 seconds.
  path: Assets/Resources/Material/Tile_Snow.mat
  artifactKey: Guid(92d39c9f7ea3ede45a5f1eb1ca7f992a) Importer(2089858483,b0f066a214c2f5e87bad3c948f4d605d)
Start importing Assets/Resources/Material/Tile_Snow.mat using Guid(92d39c9f7ea3ede45a5f1eb1ca7f992a) Importer(2089858483,b0f066a214c2f5e87bad3c948f4d605d) (ScriptedImporter) -> (artifact id: 'ded82fb158c182a938896236fffedccd') in 0.0159756 seconds
Number of updated asset objects reloaded before import = 0Number of asset objects unloaded after import = 2

========================================================================
Received Import Request.
  Time since last request: 0.000017 seconds.
  path: Assets/Prefabs/Tiles/Tile MysteryBox.prefab
  artifactKey: Guid(7576c2f10e49ceb4e8f5080439c76713) Importer(2089858483,b0f066a214c2f5e87bad3c948f4d605d)
Start importing Assets/Prefabs/Tiles/Tile MysteryBox.prefab using Guid(7576c2f10e49ceb4e8f5080439c76713) Importer(2089858483,b0f066a214c2f5e87bad3c948f4d605d) (ScriptedImporter) -> (artifact id: 'dd285ae8d086fe329d6825a8975079dc') in 0.0613718 seconds
Number of updated asset objects reloaded before import = 0Number of asset objects unloaded after import = 117

========================================================================
Received Import Request.
  Time since last request: 0.000032 seconds.
  path: Assets/Scripts/WitchController.cs
  artifactKey: Guid(91de57305c5bb824e9e964690da8ed3a) Importer(2089858483,b0f066a214c2f5e87bad3c948f4d605d)
Start importing Assets/Scripts/WitchController.cs using Guid(91de57305c5bb824e9e964690da8ed3a) Importer(2089858483,b0f066a214c2f5e87bad3c948f4d605d) (ScriptedImporter) -> (artifact id: '966879fa91b7ae628b3e30554e6c2d8e') in 0.0104702 seconds
Number of updated asset objects reloaded before import = 0Number of asset objects unloaded after import = 0

========================================================================
Received Import Request.
  Time since last request: 0.000029 seconds.
  path: Assets/Music/Ambient/Steam up.wav
  artifactKey: Guid(0cd41c980f9f3c74d95b058e5a4f1de3) Importer(2089858483,b0f066a214c2f5e87bad3c948f4d605d)
Start importing Assets/Music/Ambient/Steam up.wav using Guid(0cd41c980f9f3c74d95b058e5a4f1de3) Importer(2089858483,b0f066a214c2f5e87bad3c948f4d605d) (ScriptedImporter) -> (artifact id: 'fc2d99a30c81677c9606f5ea1e4114e3') in 0.0279967 seconds
Number of updated asset objects reloaded before import = 0Number of asset objects unloaded after import = 1

========================================================================
Received Import Request.
  Time since last request: 0.000017 seconds.
  path: Assets/Scenes/SampleScene/LightingData.asset
  artifactKey: Guid(6cc3943a440ca9848a4005b334cffca7) Importer(2089858483,b0f066a214c2f5e87bad3c948f4d605d)
Start importing Assets/Scenes/SampleScene/LightingData.asset using Guid(6cc3943a440ca9848a4005b334cffca7) Importer(2089858483,b0f066a214c2f5e87bad3c948f4d605d) (ScriptedImporter) -> (artifact id: 'fb9a51019b9c8b69fd32736d6c91599a') in 0.0094374 seconds
Number of updated asset objects reloaded before import = 0Number of asset objects unloaded after import = 2

========================================================================
Received Import Request.
  Time since last request: 0.000016 seconds.
  path: Assets/Prefabs/Character/Yellow Witch.prefab
  artifactKey: Guid(76ec084743c63394a93668325fd834fb) Importer(2089858483,b0f066a214c2f5e87bad3c948f4d605d)
Start importing Assets/Prefabs/Character/Yellow Witch.prefab using Guid(76ec084743c63394a93668325fd834fb) Importer(2089858483,b0f066a214c2f5e87bad3c948f4d605d) (ScriptedImporter) -> (artifact id: '333028d451695cd6484b909f3bd541ba') in 0.0756034 seconds
Number of updated asset objects reloaded before import = 0Number of asset objects unloaded after import = 62

========================================================================
Received Import Request.
  Time since last request: 0.000021 seconds.
  path: Assets/Resources/Sprites/Red Witch.png
  artifactKey: Guid(49deddc3a0262f84a85911bc6ae6988a) Importer(2089858483,b0f066a214c2f5e87bad3c948f4d605d)
Start importing Assets/Resources/Sprites/Red Witch.png using Guid(49deddc3a0262f84a85911bc6ae6988a) Importer(2089858483,b0f066a214c2f5e87bad3c948f4d605d) (ScriptedImporter) -> (artifact id: 'd4a4a4349ce611fef73e937ce2ba39f2') in 0.011222 seconds
Number of updated asset objects reloaded before import = 0Number of asset objects unloaded after import = 3

========================================================================
Received Import Request.
  Time since last request: 0.000024 seconds.
  path: Assets/Scripts/SkyboxRotator.cs
  artifactKey: Guid(ad65a03e2ba19b346ad04e5fcb9723f5) Importer(2089858483,b0f066a214c2f5e87bad3c948f4d605d)
Start importing Assets/Scripts/SkyboxRotator.cs using Guid(ad65a03e2ba19b346ad04e5fcb9723f5) Importer(2089858483,b0f066a214c2f5e87bad3c948f4d605d) (ScriptedImporter) -> (artifact id: '35e57b1bb45f7de5ce8c54fd0ced295a') in 0.0084346 seconds
Number of updated asset objects reloaded before import = 0Number of asset objects unloaded after import = 0

========================================================================
Received Import Request.
  Time since last request: 0.000060 seconds.
  path: Assets/Scripts/TMPFXColorChanger.cs
  artifactKey: Guid(dc74126204656b34a86669f040a65f8d) Importer(2089858483,b0f066a214c2f5e87bad3c948f4d605d)
Start importing Assets/Scripts/TMPFXColorChanger.cs using Guid(dc74126204656b34a86669f040a65f8d) Importer(2089858483,b0f066a214c2f5e87bad3c948f4d605d) (ScriptedImporter) -> (artifact id: 'b06e0b8c30355aafb5540e19284c10b9') in 0.0084653 seconds
Number of updated asset objects reloaded before import = 0Number of asset objects unloaded after import = 0

========================================================================
Received Import Request.
  Time since last request: 0.000046 seconds.
  path: Assets/Scripts/CameraRotator.cs
  artifactKey: Guid(add42e5e4276c6c489ebf3c253fdd457) Importer(2089858483,b0f066a214c2f5e87bad3c948f4d605d)
Start importing Assets/Scripts/CameraRotator.cs using Guid(add42e5e4276c6c489ebf3c253fdd457) Importer(2089858483,b0f066a214c2f5e87bad3c948f4d605d) (ScriptedImporter) -> (artifact id: '1e755593447487ba28b5c0ea54eaec94') in 0.0113959 seconds
Number of updated asset objects reloaded before import = 0Number of asset objects unloaded after import = 0

========================================================================
Received Import Request.
  Time since last request: 0.000053 seconds.
  path: Assets/Resources/Model/TileCube.fbx
  artifactKey: Guid(0407c5761ece1e74ca6a010e750084e6) Importer(2089858483,b0f066a214c2f5e87bad3c948f4d605d)
Start importing Assets/Resources/Model/TileCube.fbx using Guid(0407c5761ece1e74ca6a010e750084e6) Importer(2089858483,b0f066a214c2f5e87bad3c948f4d605d) (ScriptedImporter) -> (artifact id: '68dd329528d772ce872097e0101b6f95') in 0.031394 seconds
Number of updated asset objects reloaded before import = 0Number of asset objects unloaded after import = 8

========================================================================
Received Import Request.
  Time since last request: 0.000019 seconds.
  path: Assets/Scripts/TMPFXSkewText.cs
  artifactKey: Guid(528baf77f0fabd6459726e4669f25299) Importer(2089858483,b0f066a214c2f5e87bad3c948f4d605d)
Start importing Assets/Scripts/TMPFXSkewText.cs using Guid(528baf77f0fabd6459726e4669f25299) Importer(2089858483,b0f066a214c2f5e87bad3c948f4d605d) (ScriptedImporter) -> (artifact id: '4cd792ff4dc47c2ec24091651a990f9a') in 0.0105308 seconds
Number of updated asset objects reloaded before import = 0Number of asset objects unloaded after import = 0

========================================================================
Received Import Request.
  Time since last request: 0.000020 seconds.
  path: Assets/Resources/FrontCircleHUD.png
  artifactKey: Guid(a89dcfea9ed7a564eb8266e50db826b9) Importer(2089858483,b0f066a214c2f5e87bad3c948f4d605d)
Start importing Assets/Resources/FrontCircleHUD.png using Guid(a89dcfea9ed7a564eb8266e50db826b9) Importer(2089858483,b0f066a214c2f5e87bad3c948f4d605d) (ScriptedImporter) -> (artifact id: 'b5aba35e68db1383b3a1dfef36fad956') in 0.0125748 seconds
Number of updated asset objects reloaded before import = 0Number of asset objects unloaded after import = 3

========================================================================
Received Import Request.
  Time since last request: 0.000017 seconds.
  path: Assets/Scenes/Test Scene/ReflectionProbe-0.exr
  artifactKey: Guid(205e25a7c9684b7488e72e9b06ac6dd0) Importer(2089858483,b0f066a214c2f5e87bad3c948f4d605d)
Start importing Assets/Scenes/Test Scene/ReflectionProbe-0.exr using Guid(205e25a7c9684b7488e72e9b06ac6dd0) Importer(2089858483,b0f066a214c2f5e87bad3c948f4d605d) (ScriptedImporter) -> (artifact id: '69254df64907e8563eea302414f5d443') in 0.0157807 seconds
Number of updated asset objects reloaded before import = 0Number of asset objects unloaded after import = 1

========================================================================
Received Import Request.
  Time since last request: 0.022274 seconds.
  path: Assets/TextMesh Pro/Shaders/TMP_SDF-Mobile SSD.shader
  artifactKey: Guid(c8d12adcee749c344b8117cf7c7eb912) Importer(2089858483,b0f066a214c2f5e87bad3c948f4d605d)
Start importing Assets/TextMesh Pro/Shaders/TMP_SDF-Mobile SSD.shader using Guid(c8d12adcee749c344b8117cf7c7eb912) Importer(2089858483,b0f066a214c2f5e87bad3c948f4d605d) (ScriptedImporter) -> (artifact id: 'e4bc9d85635aaefe2a8af5cbdfb73df1') in 0.0123564 seconds
Number of updated asset objects reloaded before import = 0Number of asset objects unloaded after import = 1

========================================================================
Received Import Request.
  Time since last request: 0.000019 seconds.
  path: Assets/Music/SFX/BallSFX/Dribble Spring.wav
  artifactKey: Guid(cbc0bdd4b81317446a480f21b9f9f553) Importer(2089858483,b0f066a214c2f5e87bad3c948f4d605d)
Start importing Assets/Music/SFX/BallSFX/Dribble Spring.wav using Guid(cbc0bdd4b81317446a480f21b9f9f553) Importer(2089858483,b0f066a214c2f5e87bad3c948f4d605d) (ScriptedImporter) -> (artifact id: 'fdcb9e59c6d94d96a06bf3c9be96e78e') in 0.0149585 seconds
Number of updated asset objects reloaded before import = 0Number of asset objects unloaded after import = 1

========================================================================
Received Import Request.
  Time since last request: 0.000027 seconds.
  path: Assets/Music/BGM/Winter/Winter (2).mp3
  artifactKey: Guid(38e628220bc4385488bb3cf98a470a04) Importer(2089858483,b0f066a214c2f5e87bad3c948f4d605d)
Start importing Assets/Music/BGM/Winter/Winter (2).mp3 using Guid(38e628220bc4385488bb3cf98a470a04) Importer(2089858483,b0f066a214c2f5e87bad3c948f4d605d) (ScriptedImporter) -> (artifact id: 'b8c4a2bdf41fcf5a439b6064afe92a2c') in 0.0898693 seconds
Number of updated asset objects reloaded before import = 0Number of asset objects unloaded after import = 1

========================================================================
Received Import Request.
  Time since last request: 0.000020 seconds.
  path: Assets/Music/BGM/Winter/Winter (1).mp3
  artifactKey: Guid(9b8ced4d02256f94393c51217b5c772a) Importer(2089858483,b0f066a214c2f5e87bad3c948f4d605d)
Start importing Assets/Music/BGM/Winter/Winter (1).mp3 using Guid(9b8ced4d02256f94393c51217b5c772a) Importer(2089858483,b0f066a214c2f5e87bad3c948f4d605d) (ScriptedImporter) -> (artifact id: 'ff9065411584fe24c6a9908e35e6771d') in 0.0715167 seconds
Number of updated asset objects reloaded before import = 0Number of asset objects unloaded after import = 1

========================================================================
Received Import Request.
  Time since last request: 0.000052 seconds.
  path: Assets/Music/BGM/Autumn/Autumn (5).mp3
  artifactKey: Guid(2741f9b153ffc0547b8200f4ef8a1daa) Importer(2089858483,b0f066a214c2f5e87bad3c948f4d605d)
Start importing Assets/Music/BGM/Autumn/Autumn (5).mp3 using Guid(2741f9b153ffc0547b8200f4ef8a1daa) Importer(2089858483,b0f066a214c2f5e87bad3c948f4d605d) (ScriptedImporter) -> (artifact id: 'e451b401004e273165c952268d7db9ec') in 0.0812851 seconds
Number of updated asset objects reloaded before import = 0Number of asset objects unloaded after import = 1

========================================================================
Received Import Request.
  Time since last request: 0.000020 seconds.
  path: Assets/Music/SFX/TileSFX/MysteryBox (1).wav
  artifactKey: Guid(f76b9f49e2ed4cb449b64bbd03907ea4) Importer(2089858483,b0f066a214c2f5e87bad3c948f4d605d)
Start importing Assets/Music/SFX/TileSFX/MysteryBox (1).wav using Guid(f76b9f49e2ed4cb449b64bbd03907ea4) Importer(2089858483,b0f066a214c2f5e87bad3c948f4d605d) (ScriptedImporter) -> (artifact id: '4f9c530e409d46413bbb0a81002ab215') in 0.0237449 seconds
Number of updated asset objects reloaded before import = 0Number of asset objects unloaded after import = 1

========================================================================
Received Import Request.
  Time since last request: 0.000017 seconds.
  path: Assets/Music/SFX/BallSFX/Ball Bounce.wav
  artifactKey: Guid(9332964feca7e9b4ea36224a649c51fd) Importer(2089858483,b0f066a214c2f5e87bad3c948f4d605d)
Start importing Assets/Music/SFX/BallSFX/Ball Bounce.wav using Guid(9332964feca7e9b4ea36224a649c51fd) Importer(2089858483,b0f066a214c2f5e87bad3c948f4d605d) (ScriptedImporter) -> (artifact id: '558e06fc390877bc8cbb838323195549') in 0.0171672 seconds
Number of updated asset objects reloaded before import = 0Number of asset objects unloaded after import = 1

========================================================================
Received Import Request.
  Time since last request: 0.000022 seconds.
  path: Assets/Music/SFX/WitchSFX/Tackling.wav
  artifactKey: Guid(ee561a96c6e470c42af044ecb1b22f8b) Importer(2089858483,b0f066a214c2f5e87bad3c948f4d605d)
Start importing Assets/Music/SFX/WitchSFX/Tackling.wav using Guid(ee561a96c6e470c42af044ecb1b22f8b) Importer(2089858483,b0f066a214c2f5e87bad3c948f4d605d) (ScriptedImporter) -> (artifact id: '82e2bcf9e8bc51947e529b3be4e325ee') in 0.0215029 seconds
Number of updated asset objects reloaded before import = 0Number of asset objects unloaded after import = 1

========================================================================
Received Import Request.
  Time since last request: 0.000017 seconds.
  path: Assets/Music/SFX/SkillSFX/Heal (2).wav
  artifactKey: Guid(2b9d16effb88dde4886256ffaa5a400f) Importer(2089858483,b0f066a214c2f5e87bad3c948f4d605d)
Start importing Assets/Music/SFX/SkillSFX/Heal (2).wav using Guid(2b9d16effb88dde4886256ffaa5a400f) Importer(2089858483,b0f066a214c2f5e87bad3c948f4d605d) (ScriptedImporter) -> (artifact id: 'd91b386b7915e0ee7570bcae0a44a02d') in 0.0162924 seconds
Number of updated asset objects reloaded before import = 0Number of asset objects unloaded after import = 1

========================================================================
Received Import Request.
  Time since last request: 0.000019 seconds.
  path: Assets/Music/SFX/BallSFX/Kicked.wav
  artifactKey: Guid(eb2c994b55382544592d2a5886bb1e4a) Importer(2089858483,b0f066a214c2f5e87bad3c948f4d605d)
Start importing Assets/Music/SFX/BallSFX/Kicked.wav using Guid(eb2c994b55382544592d2a5886bb1e4a) Importer(2089858483,b0f066a214c2f5e87bad3c948f4d605d) (ScriptedImporter) -> (artifact id: '33b1122fd2a754927ba458f32317395c') in 0.0151551 seconds
Number of updated asset objects reloaded before import = 0Number of asset objects unloaded after import = 1

========================================================================
Received Import Request.
  Time since last request: 0.000039 seconds.
  path: Assets/Music/BGM/Summer/Summer (1).mp3
  artifactKey: Guid(a0ed948cf371a10469eb55b240e2338a) Importer(2089858483,b0f066a214c2f5e87bad3c948f4d605d)
Start importing Assets/Music/BGM/Summer/Summer (1).mp3 using Guid(a0ed948cf371a10469eb55b240e2338a) Importer(2089858483,b0f066a214c2f5e87bad3c948f4d605d) (ScriptedImporter) -> (artifact id: '122f2a909c256cfca446d03e28826efe') in 0.0817824 seconds
Number of updated asset objects reloaded before import = 0Number of asset objects unloaded after import = 1

========================================================================
Received Import Request.
  Time since last request: 0.000019 seconds.
  path: Assets/Music/SFX/TileSFX/Jump.wav
  artifactKey: Guid(88e78c3273da74640b12e421dd2db071) Importer(2089858483,b0f066a214c2f5e87bad3c948f4d605d)
Start importing Assets/Music/SFX/TileSFX/Jump.wav using Guid(88e78c3273da74640b12e421dd2db071) Importer(2089858483,b0f066a214c2f5e87bad3c948f4d605d) (ScriptedImporter) -> (artifact id: '5217cf423a1ae158eed806a60383031a') in 0.0278613 seconds
Number of updated asset objects reloaded before import = 0Number of asset objects unloaded after import = 1

========================================================================
Received Import Request.
  Time since last request: 0.000039 seconds.
  path: Assets/Music/SFX/SkillSFX/Power (1).wav
  artifactKey: Guid(cc473e0595c28d74798cee169dbe722a) Importer(2089858483,b0f066a214c2f5e87bad3c948f4d605d)
Start importing Assets/Music/SFX/SkillSFX/Power (1).wav using Guid(cc473e0595c28d74798cee169dbe722a) Importer(2089858483,b0f066a214c2f5e87bad3c948f4d605d) (ScriptedImporter) -> (artifact id: 'fb68fbe74dcc6c91aa665487353ff22d') in 0.0160794 seconds
Number of updated asset objects reloaded before import = 0Number of asset objects unloaded after import = 1

========================================================================
Received Import Request.
  Time since last request: 0.000019 seconds.
  path: Assets/Music/SFX/UISFX/Button Back.wav
  artifactKey: Guid(e9e1c61fcf19e35479535371bc8e2b15) Importer(2089858483,b0f066a214c2f5e87bad3c948f4d605d)
Start importing Assets/Music/SFX/UISFX/Button Back.wav using Guid(e9e1c61fcf19e35479535371bc8e2b15) Importer(2089858483,b0f066a214c2f5e87bad3c948f4d605d) (ScriptedImporter) -> (artifact id: '13faf7fcbd838db1153472b20d31d8e9') in 0.0144771 seconds
Number of updated asset objects reloaded before import = 0Number of asset objects unloaded after import = 1

========================================================================
Received Import Request.
  Time since last request: 0.000016 seconds.
  path: Assets/Music/Voice/Female/light rage.wav
  artifactKey: Guid(72b81efc802a78341a2232fa8b3e4082) Importer(2089858483,b0f066a214c2f5e87bad3c948f4d605d)
Start importing Assets/Music/Voice/Female/light rage.wav using Guid(72b81efc802a78341a2232fa8b3e4082) Importer(2089858483,b0f066a214c2f5e87bad3c948f4d605d) (ScriptedImporter) -> (artifact id: '7e4dccc8e4db94d2824121bb258f5a59') in 0.0324409 seconds
Number of updated asset objects reloaded before import = 0Number of asset objects unloaded after import = 1

========================================================================
Received Import Request.
  Time since last request: 0.000019 seconds.
  path: Assets/Prefabs/UI/Resources/TitlePopUp1.prefab
  artifactKey: Guid(0bbf44d98d7080a4b95242ab592afb57) Importer(2089858483,b0f066a214c2f5e87bad3c948f4d605d)
Start importing Assets/Prefabs/UI/Resources/TitlePopUp1.prefab using Guid(0bbf44d98d7080a4b95242ab592afb57) Importer(2089858483,b0f066a214c2f5e87bad3c948f4d605d) (ScriptedImporter) -> (artifact id: 'b1669d0a4c41c42552e6189603cd7d5d') in 0.0184928 seconds
Number of updated asset objects reloaded before import = 0Number of asset objects unloaded after import = 15

========================================================================
Received Import Request.
  Time since last request: 0.000018 seconds.
  path: Assets/Music/Voice/Female/magic.wav
  artifactKey: Guid(fa76e9c8e5cb0c943b8185eb53cd4364) Importer(2089858483,b0f066a214c2f5e87bad3c948f4d605d)
Start importing Assets/Music/Voice/Female/magic.wav using Guid(fa76e9c8e5cb0c943b8185eb53cd4364) Importer(2089858483,b0f066a214c2f5e87bad3c948f4d605d) (ScriptedImporter) -> (artifact id: 'a57977de047f109f6dd8ae7fe07e3450') in 0.0283884 seconds
Number of updated asset objects reloaded before import = 0Number of asset objects unloaded after import = 1

========================================================================
Received Import Request.
  Time since last request: 0.000023 seconds.
  path: Assets/Music/Voice/Female/ouch.wav
  artifactKey: Guid(2e909e4b44800944db71979a434d31f7) Importer(2089858483,b0f066a214c2f5e87bad3c948f4d605d)
Start importing Assets/Music/Voice/Female/ouch.wav using Guid(2e909e4b44800944db71979a434d31f7) Importer(2089858483,b0f066a214c2f5e87bad3c948f4d605d) (ScriptedImporter) -> (artifact id: '768df72384bc0532278460a9d7ff1b4b') in 0.0152812 seconds
Number of updated asset objects reloaded before import = 0Number of asset objects unloaded after import = 1

========================================================================
Received Import Request.
  Time since last request: 0.000016 seconds.
  path: Assets/Music/Voice/Female/yap.wav
  artifactKey: Guid(15a62b58c0ec5bc45b7dd874541b1051) Importer(2089858483,b0f066a214c2f5e87bad3c948f4d605d)
Start importing Assets/Music/Voice/Female/yap.wav using Guid(15a62b58c0ec5bc45b7dd874541b1051) Importer(2089858483,b0f066a214c2f5e87bad3c948f4d605d) (ScriptedImporter) -> (artifact id: '2eeff5bca2547eff41cb14dde97e3d25') in 0.0316297 seconds
Number of updated asset objects reloaded before import = 0Number of asset objects unloaded after import = 1

========================================================================
Received Import Request.
  Time since last request: 0.000018 seconds.
  path: Assets/Music/Voice/Female/speed up.wav
  artifactKey: Guid(ecf182c345eff7945b38ae528a9cdc9f) Importer(2089858483,b0f066a214c2f5e87bad3c948f4d605d)
Start importing Assets/Music/Voice/Female/speed up.wav using Guid(ecf182c345eff7945b38ae528a9cdc9f) Importer(2089858483,b0f066a214c2f5e87bad3c948f4d605d) (ScriptedImporter) -> (artifact id: 'a0c886b04753bd8ae916bdc2277d478b') in 0.0157678 seconds
Number of updated asset objects reloaded before import = 0Number of asset objects unloaded after import = 1

========================================================================
Received Import Request.
  Time since last request: 0.000017 seconds.
  path: Assets/Music/Voice/Male/ouch.wav
  artifactKey: Guid(1a717c7c36ab6cd45aa88abaf658719c) Importer(2089858483,b0f066a214c2f5e87bad3c948f4d605d)
Start importing Assets/Music/Voice/Male/ouch.wav using Guid(1a717c7c36ab6cd45aa88abaf658719c) Importer(2089858483,b0f066a214c2f5e87bad3c948f4d605d) (ScriptedImporter) -> (artifact id: '615f9ee22cd346a692afda6daff8feaf') in 0.0229166 seconds
Number of updated asset objects reloaded before import = 0Number of asset objects unloaded after import = 1

========================================================================
Received Import Request.
  Time since last request: 0.000016 seconds.
  path: Assets/Music/BGM/Autumn/Autumn (4).mp3
  artifactKey: Guid(ad7d3b2fcadd4474bbbe5757864d29d4) Importer(2089858483,b0f066a214c2f5e87bad3c948f4d605d)
Start importing Assets/Music/BGM/Autumn/Autumn (4).mp3 using Guid(ad7d3b2fcadd4474bbbe5757864d29d4) Importer(2089858483,b0f066a214c2f5e87bad3c948f4d605d) (ScriptedImporter) -> (artifact id: 'e9fbb5500110ca216569072a2d854087') in 0.0783242 seconds
Number of updated asset objects reloaded before import = 0Number of asset objects unloaded after import = 1

========================================================================
Received Import Request.
  Time since last request: 0.000258 seconds.
  path: Assets/Music/Voice/Male/heal up1.wav
  artifactKey: Guid(ebc483cc1bdac2b41a66a805cb8f25aa) Importer(2089858483,b0f066a214c2f5e87bad3c948f4d605d)
Start importing Assets/Music/Voice/Male/heal up1.wav using Guid(ebc483cc1bdac2b41a66a805cb8f25aa) Importer(2089858483,b0f066a214c2f5e87bad3c948f4d605d) (ScriptedImporter) -> (artifact id: '877b3b48f9a1467e12d1a015a314a28d') in 0.0204779 seconds
Number of updated asset objects reloaded before import = 0Number of asset objects unloaded after import = 1

========================================================================
Received Import Request.
  Time since last request: 0.000028 seconds.
  path: Assets/Music/SFX/SkillSFX/Power (2).wav
  artifactKey: Guid(65764b96fe422c74a9deceea073aae94) Importer(2089858483,b0f066a214c2f5e87bad3c948f4d605d)
Start importing Assets/Music/SFX/SkillSFX/Power (2).wav using Guid(65764b96fe422c74a9deceea073aae94) Importer(2089858483,b0f066a214c2f5e87bad3c948f4d605d) (ScriptedImporter) -> (artifact id: '9e9f3b26e5bf6708eaa8e0208d4cce33') in 0.0173035 seconds
Number of updated asset objects reloaded before import = 0Number of asset objects unloaded after import = 1

========================================================================
Received Import Request.
  Time since last request: 0.000014 seconds.
  path: Assets/Resources/Shader/2D UI Blur/Blur.shader
  artifactKey: Guid(e401e29b7b38dd849b346d194ffa28bb) Importer(2089858483,b0f066a214c2f5e87bad3c948f4d605d)
Start importing Assets/Resources/Shader/2D UI Blur/Blur.shader using Guid(e401e29b7b38dd849b346d194ffa28bb) Importer(2089858483,b0f066a214c2f5e87bad3c948f4d605d) (ScriptedImporter) -> (artifact id: 'e98ef562feaf599a603f23ada0ce4d55') in 0.0096269 seconds
Number of updated asset objects reloaded before import = 0Number of asset objects unloaded after import = 1

========================================================================
Received Import Request.
  Time since last request: 0.000040 seconds.
  path: Assets/Music/Voice/Male/hiya1.wav
  artifactKey: Guid(368c85fccc969dc408a6c6adc36bf3cb) Importer(2089858483,b0f066a214c2f5e87bad3c948f4d605d)
Start importing Assets/Music/Voice/Male/hiya1.wav using Guid(368c85fccc969dc408a6c6adc36bf3cb) Importer(2089858483,b0f066a214c2f5e87bad3c948f4d605d) (ScriptedImporter) -> (artifact id: '36a5ebff7d1bba1713904854c5138c96') in 0.0357934 seconds
Number of updated asset objects reloaded before import = 0Number of asset objects unloaded after import = 1

========================================================================
Received Import Request.
  Time since last request: 0.000025 seconds.
  path: Assets/Music/BGM/Normal/Gameplay (3).mp3
  artifactKey: Guid(6674e523c244aa84cbfa3c7ef6eddf9f) Importer(2089858483,b0f066a214c2f5e87bad3c948f4d605d)
Start importing Assets/Music/BGM/Normal/Gameplay (3).mp3 using Guid(6674e523c244aa84cbfa3c7ef6eddf9f) Importer(2089858483,b0f066a214c2f5e87bad3c948f4d605d) (ScriptedImporter) -> (artifact id: '5bb15e22e6f727547e3f42bd0a9c3cb5') in 0.0743696 seconds
Number of updated asset objects reloaded before import = 0Number of asset objects unloaded after import = 1

========================================================================
Received Import Request.
  Time since last request: 0.000020 seconds.
  path: Assets/Music/BGM/Summer/Summer (6).mp3
  artifactKey: Guid(18bd0f291a2bf834b81dcc83d507a51a) Importer(2089858483,b0f066a214c2f5e87bad3c948f4d605d)
Start importing Assets/Music/BGM/Summer/Summer (6).mp3 using Guid(18bd0f291a2bf834b81dcc83d507a51a) Importer(2089858483,b0f066a214c2f5e87bad3c948f4d605d) (ScriptedImporter) -> (artifact id: 'f8ff7e4c0f36fdf4ce79a732f53605f8') in 0.0789192 seconds
Number of updated asset objects reloaded before import = 0Number of asset objects unloaded after import = 1

========================================================================
Received Import Request.
  Time since last request: 0.000021 seconds.
  path: Assets/TextMesh Pro/Sprites/EmojiOne.png
  artifactKey: Guid(dffef66376be4fa480fb02b19edbe903) Importer(2089858483,b0f066a214c2f5e87bad3c948f4d605d)
Start importing Assets/TextMesh Pro/Sprites/EmojiOne.png using Guid(dffef66376be4fa480fb02b19edbe903) Importer(2089858483,b0f066a214c2f5e87bad3c948f4d605d) (ScriptedImporter) -> (artifact id: '9c3e0b6597e6e8be758008b931c1ecd7') in 0.0128269 seconds
Number of updated asset objects reloaded before import = 0Number of asset objects unloaded after import = 1

========================================================================
Received Import Request.
  Time since last request: 0.000023 seconds.
  path: Assets/Resources/Skyboxes/CloudyCrown_01_Midday/Textures/CloudyCrown_Midday_Left.png
  artifactKey: Guid(fd5f7c807ca1ea643b0ae501ff889a70) Importer(2089858483,b0f066a214c2f5e87bad3c948f4d605d)
Start importing Assets/Resources/Skyboxes/CloudyCrown_01_Midday/Textures/CloudyCrown_Midday_Left.png using Guid(fd5f7c807ca1ea643b0ae501ff889a70) Importer(2089858483,b0f066a214c2f5e87bad3c948f4d605d) (ScriptedImporter) -> (artifact id: '47a2dfe69b6fb80c64235bec4cafa1e6') in 0.0147334 seconds
Number of updated asset objects reloaded before import = 0Number of asset objects unloaded after import = 1

========================================================================
Received Import Request.
  Time since last request: 0.000017 seconds.
  path: Assets/Resources/Skyboxes/CloudyCrown_04_Sunset/Textures/CloudyCrown_Sunset_Up.png
  artifactKey: Guid(53897097b1cb7644eb130bc157b99eaf) Importer(2089858483,b0f066a214c2f5e87bad3c948f4d605d)
Start importing Assets/Resources/Skyboxes/CloudyCrown_04_Sunset/Textures/CloudyCrown_Sunset_Up.png using Guid(53897097b1cb7644eb130bc157b99eaf) Importer(2089858483,b0f066a214c2f5e87bad3c948f4d605d) (ScriptedImporter) -> (artifact id: 'ef33910629547cf900881e3b54087a1d') in 0.0140462 seconds
Number of updated asset objects reloaded before import = 0Number of asset objects unloaded after import = 1

========================================================================
Received Import Request.
  Time since last request: 0.000018 seconds.
  path: Assets/TextMesh Pro/Resources/Shaders/TMPro_Properties.cginc
  artifactKey: Guid(3997e2241185407d80309a82f9148466) Importer(2089858483,b0f066a214c2f5e87bad3c948f4d605d)
Start importing Assets/TextMesh Pro/Resources/Shaders/TMPro_Properties.cginc using Guid(3997e2241185407d80309a82f9148466) Importer(2089858483,b0f066a214c2f5e87bad3c948f4d605d) (ScriptedImporter) -> (artifact id: '0109824680684c30b3ce67447762f30e') in 0.015192 seconds
Number of updated asset objects reloaded before import = 0Number of asset objects unloaded after import = 1

========================================================================
Received Import Request.
  Time since last request: 0.000017 seconds.
  path: Assets/Resources/Skyboxes/CloudyCrown_01_Midday/Textures/CloudyCrown_Midday_Right.png
  artifactKey: Guid(14877617607f5fb47af48fcd766426ad) Importer(2089858483,b0f066a214c2f5e87bad3c948f4d605d)
Start importing Assets/Resources/Skyboxes/CloudyCrown_01_Midday/Textures/CloudyCrown_Midday_Right.png using Guid(14877617607f5fb47af48fcd766426ad) Importer(2089858483,b0f066a214c2f5e87bad3c948f4d605d) (ScriptedImporter) -> (artifact id: '7c6c49670ff6ba9dcb0c465497c42d5b') in 0.0131561 seconds
Number of updated asset objects reloaded before import = 0Number of asset objects unloaded after import = 1

========================================================================
Received Import Request.
  Time since last request: 0.000019 seconds.
  path: Assets/TextMesh Pro/Resources/Shaders/TMP_SDF-Mobile Masking.shader
  artifactKey: Guid(bc1ede39bf3643ee8e493720e4259791) Importer(2089858483,b0f066a214c2f5e87bad3c948f4d605d)
Start importing Assets/TextMesh Pro/Resources/Shaders/TMP_SDF-Mobile Masking.shader using Guid(bc1ede39bf3643ee8e493720e4259791) Importer(2089858483,b0f066a214c2f5e87bad3c948f4d605d) (ScriptedImporter) -> (artifact id: '00eb2f0d65b76fe2baf263313838c3c4') in 0.0090986 seconds
Number of updated asset objects reloaded before import = 0Number of asset objects unloaded after import = 1

========================================================================
Received Import Request.
  Time since last request: 0.000032 seconds.
  path: Assets/Resources/Skyboxes/CloudyCrown_02_Evening/Textures/CloudyCrown_Evening_Back.png
  artifactKey: Guid(87bee338d047997489ce40bc10f18466) Importer(2089858483,b0f066a214c2f5e87bad3c948f4d605d)
Start importing Assets/Resources/Skyboxes/CloudyCrown_02_Evening/Textures/CloudyCrown_Evening_Back.png using Guid(87bee338d047997489ce40bc10f18466) Importer(2089858483,b0f066a214c2f5e87bad3c948f4d605d) (ScriptedImporter) -> (artifact id: '539606f6a37ef39af80f6d814d9f0b15') in 0.0140907 seconds
Number of updated asset objects reloaded before import = 0Number of asset objects unloaded after import = 1

========================================================================
Received Import Request.
  Time since last request: 0.000017 seconds.
  path: Assets/TextMesh Pro/Resources/Fonts & Materials/LiberationSans SDF - Fallback.asset
  artifactKey: Guid(2e498d1c8094910479dc3e1b768306a4) Importer(2089858483,b0f066a214c2f5e87bad3c948f4d605d)
Start importing Assets/TextMesh Pro/Resources/Fonts & Materials/LiberationSans SDF - Fallback.asset using Guid(2e498d1c8094910479dc3e1b768306a4) Importer(2089858483,b0f066a214c2f5e87bad3c948f4d605d) (ScriptedImporter) -> (artifact id: 'e30dbb2384512efb2910709eb14d969a') in 0.0280052 seconds
Number of updated asset objects reloaded before import = 0Number of asset objects unloaded after import = 5

========================================================================
Received Import Request.
  Time since last request: 0.000017 seconds.
  path: Assets/TextMesh Pro/Resources/Fonts & Materials/LiberationSans SDF - Outline.mat
  artifactKey: Guid(79459efec17a4d00a321bdcc27bbc385) Importer(2089858483,b0f066a214c2f5e87bad3c948f4d605d)
Start importing Assets/TextMesh Pro/Resources/Fonts & Materials/LiberationSans SDF - Outline.mat using Guid(79459efec17a4d00a321bdcc27bbc385) Importer(2089858483,b0f066a214c2f5e87bad3c948f4d605d) (ScriptedImporter) -> (artifact id: '1d87f8872363f05ac468252deb605e46') in 0.0177471 seconds
Number of updated asset objects reloaded before import = 0Number of asset objects unloaded after import = 2

========================================================================
Received Import Request.
  Time since last request: 0.000053 seconds.
  path: Assets/Music/Voice/Female/heavy boost.wav
  artifactKey: Guid(32982c5de997c784db21b7b4dbe59a43) Importer(2089858483,b0f066a214c2f5e87bad3c948f4d605d)
Start importing Assets/Music/Voice/Female/heavy boost.wav using Guid(32982c5de997c784db21b7b4dbe59a43) Importer(2089858483,b0f066a214c2f5e87bad3c948f4d605d) (ScriptedImporter) -> (artifact id: '81ab4b505e4e749ab9907599e73137c6') in 0.0180601 seconds
Number of updated asset objects reloaded before import = 0Number of asset objects unloaded after import = 1

========================================================================
Received Import Request.
  Time since last request: 0.000052 seconds.
  path: Assets/Music/Voice/Male/ugh.wav
  artifactKey: Guid(d550995ec3d9a154093e78560419822e) Importer(2089858483,b0f066a214c2f5e87bad3c948f4d605d)
Start importing Assets/Music/Voice/Male/ugh.wav using Guid(d550995ec3d9a154093e78560419822e) Importer(2089858483,b0f066a214c2f5e87bad3c948f4d605d) (ScriptedImporter) -> (artifact id: '2e9a2899d8c152f532204d34956331e0') in 0.0343959 seconds
Number of updated asset objects reloaded before import = 0Number of asset objects unloaded after import = 1

========================================================================
Received Import Request.
  Time since last request: 0.000024 seconds.
  path: Assets/Music/Voice/Female/take this.wav
  artifactKey: Guid(e0131f39f985a734ea485325a370ef20) Importer(2089858483,b0f066a214c2f5e87bad3c948f4d605d)
Start importing Assets/Music/Voice/Female/take this.wav using Guid(e0131f39f985a734ea485325a370ef20) Importer(2089858483,b0f066a214c2f5e87bad3c948f4d605d) (ScriptedImporter) -> (artifact id: 'fc5a101d8d8ee34de66fc3cbe92b0f5f') in 0.021674 seconds
Number of updated asset objects reloaded before import = 0Number of asset objects unloaded after import = 1

========================================================================
Received Import Request.
  Time since last request: 0.000031 seconds.
  path: Assets/Resources/Skyboxes/CloudyCrown_02_Evening/Textures/CloudyCrown_Evening_Right.png
  artifactKey: Guid(f33d9e3a86071394c83b568257570dd5) Importer(2089858483,b0f066a214c2f5e87bad3c948f4d605d)
Start importing Assets/Resources/Skyboxes/CloudyCrown_02_Evening/Textures/CloudyCrown_Evening_Right.png using Guid(f33d9e3a86071394c83b568257570dd5) Importer(2089858483,b0f066a214c2f5e87bad3c948f4d605d) (ScriptedImporter) -> (artifact id: '5f71cb3931e0e10a5e4e72433d38376a') in 0.0143456 seconds
Number of updated asset objects reloaded before import = 0Number of asset objects unloaded after import = 1

========================================================================
Received Import Request.
  Time since last request: 0.000039 seconds.
  path: Assets/Music/Voice/Male/heavyrage.wav
  artifactKey: Guid(ac5c5652fde19954d8b1343817990141) Importer(2089858483,b0f066a214c2f5e87bad3c948f4d605d)
Start importing Assets/Music/Voice/Male/heavyrage.wav using Guid(ac5c5652fde19954d8b1343817990141) Importer(2089858483,b0f066a214c2f5e87bad3c948f4d605d) (ScriptedImporter) -> (artifact id: 'cc70bc916e8efc7daa464a05cc325dc2') in 0.0244726 seconds
Number of updated asset objects reloaded before import = 0Number of asset objects unloaded after import = 1

========================================================================
Received Import Request.
  Time since last request: 0.000046 seconds.
  path: Assets/TextMesh Pro/Resources/Shaders/TMPro_Surface.cginc
  artifactKey: Guid(d930090c0cd643c7b55f19a38538c162) Importer(2089858483,b0f066a214c2f5e87bad3c948f4d605d)
Start importing Assets/TextMesh Pro/Resources/Shaders/TMPro_Surface.cginc using Guid(d930090c0cd643c7b55f19a38538c162) Importer(2089858483,b0f066a214c2f5e87bad3c948f4d605d) (ScriptedImporter) -> (artifact id: '5d58b28c120499c20f71e844e08e779d') in 0.0156274 seconds
Number of updated asset objects reloaded before import = 0Number of asset objects unloaded after import = 1

========================================================================
Received Import Request.
  Time since last request: 0.000030 seconds.
  path: Assets/Resources/Shader/3D Glass Blur/GlassWithoutGrab.mat
  artifactKey: Guid(0b86bd71d2394c14db3533c891cd07ae) Importer(2089858483,b0f066a214c2f5e87bad3c948f4d605d)
Start importing Assets/Resources/Shader/3D Glass Blur/GlassWithoutGrab.mat using Guid(0b86bd71d2394c14db3533c891cd07ae) Importer(2089858483,b0f066a214c2f5e87bad3c948f4d605d) (ScriptedImporter) -> (artifact id: '790f0ac79250b196267e5449914c9f7c') in 0.0116386 seconds
Number of updated asset objects reloaded before import = 0Number of asset objects unloaded after import = 1

========================================================================
Received Import Request.
  Time since last request: 0.000017 seconds.
  path: Assets/Music/Voice/Male/dudududu.wav
  artifactKey: Guid(91fb72f617e1b224989ae0d7be3f851e) Importer(2089858483,b0f066a214c2f5e87bad3c948f4d605d)
Start importing Assets/Music/Voice/Male/dudududu.wav using Guid(91fb72f617e1b224989ae0d7be3f851e) Importer(2089858483,b0f066a214c2f5e87bad3c948f4d605d) (ScriptedImporter) -> (artifact id: '3a82afd6a94d49453060e12add6ce041') in 0.0447268 seconds
Number of updated asset objects reloaded before import = 0Number of asset objects unloaded after import = 1

========================================================================
Received Import Request.
  Time since last request: 0.000016 seconds.
  path: Assets/Music/Voice/Male/hiya2.wav
  artifactKey: Guid(aff4584cf816fd0438b5495055b1aa74) Importer(2089858483,b0f066a214c2f5e87bad3c948f4d605d)
Start importing Assets/Music/Voice/Male/hiya2.wav using Guid(aff4584cf816fd0438b5495055b1aa74) Importer(2089858483,b0f066a214c2f5e87bad3c948f4d605d) (ScriptedImporter) -> (artifact id: '2c60a563dd01d5521b11b5cdcaed4ed1') in 0.0319533 seconds
Number of updated asset objects reloaded before import = 0Number of asset objects unloaded after import = 1

========================================================================
Received Import Request.
  Time since last request: 0.000034 seconds.
  path: Assets/Music/Voice/Male/what1.wav
  artifactKey: Guid(a4a84dd698e336c4b9880a56d1f6dc6f) Importer(2089858483,b0f066a214c2f5e87bad3c948f4d605d)
Start importing Assets/Music/Voice/Male/what1.wav using Guid(a4a84dd698e336c4b9880a56d1f6dc6f) Importer(2089858483,b0f066a214c2f5e87bad3c948f4d605d) (ScriptedImporter) -> (artifact id: '788f7ab5c920c6e2fba8b46b69a0acde') in 0.0372182 seconds
Number of updated asset objects reloaded before import = 0Number of asset objects unloaded after import = 1

========================================================================
Received Import Request.
  Time since last request: 0.000016 seconds.
  path: Assets/Music/Voice/Female/hahaha long.wav
  artifactKey: Guid(55074018bdb74d046bcaf3b016ff39f0) Importer(2089858483,b0f066a214c2f5e87bad3c948f4d605d)
Start importing Assets/Music/Voice/Female/hahaha long.wav using Guid(55074018bdb74d046bcaf3b016ff39f0) Importer(2089858483,b0f066a214c2f5e87bad3c948f4d605d) (ScriptedImporter) -> (artifact id: 'aca710f480fbf597cef2504a107df6e4') in 0.0151583 seconds
Number of updated asset objects reloaded before import = 0Number of asset objects unloaded after import = 1

========================================================================
Received Import Request.
  Time since last request: 0.000080 seconds.
  path: Assets/Resources/Skyboxes/CloudyCrown_03_Midnight/CloudyCrown_Midnight.mat
  artifactKey: Guid(ceb0a3ed2cb53a94fa21843cc958c52b) Importer(2089858483,b0f066a214c2f5e87bad3c948f4d605d)
Start importing Assets/Resources/Skyboxes/CloudyCrown_03_Midnight/CloudyCrown_Midnight.mat using Guid(ceb0a3ed2cb53a94fa21843cc958c52b) Importer(2089858483,b0f066a214c2f5e87bad3c948f4d605d) (ScriptedImporter) -> (artifact id: 'f3c2d6740eba024ac40cacb5235175b4') in 0.0280977 seconds
Number of updated asset objects reloaded before import = 0Number of asset objects unloaded after import = 7

========================================================================
Received Import Request.
  Time since last request: 0.000021 seconds.
  path: Assets/Music/Voice/Female/haha.wav
  artifactKey: Guid(b70ebea44695f794e88df9b49f387119) Importer(2089858483,b0f066a214c2f5e87bad3c948f4d605d)
Start importing Assets/Music/Voice/Female/haha.wav using Guid(b70ebea44695f794e88df9b49f387119) Importer(2089858483,b0f066a214c2f5e87bad3c948f4d605d) (ScriptedImporter) -> (artifact id: 'bee87dd00fd0e7269853a4955f694eaa') in 0.026668 seconds
Number of updated asset objects reloaded before import = 0Number of asset objects unloaded after import = 1

========================================================================
Received Import Request.
  Time since last request: 0.000027 seconds.
  path: Assets/Resources/Skyboxes/CloudyCrown_02_Evening/CloudyCrown_Evening.mat
  artifactKey: Guid(77715b8b6b248994891d3ccad1ad330b) Importer(2089858483,b0f066a214c2f5e87bad3c948f4d605d)
Start importing Assets/Resources/Skyboxes/CloudyCrown_02_Evening/CloudyCrown_Evening.mat using Guid(77715b8b6b248994891d3ccad1ad330b) Importer(2089858483,b0f066a214c2f5e87bad3c948f4d605d) (ScriptedImporter) -> (artifact id: '2ee64ccddb89b8bdd672f95dfb704900') in 0.0179477 seconds
Number of updated asset objects reloaded before import = 0Number of asset objects unloaded after import = 7

========================================================================
Received Import Request.
  Time since last request: 0.000015 seconds.
  path: Assets/Music/Voice/Male/yay.wav
  artifactKey: Guid(9982498e7a15c8f4eab1974a1a623b50) Importer(2089858483,b0f066a214c2f5e87bad3c948f4d605d)
Start importing Assets/Music/Voice/Male/yay.wav using Guid(9982498e7a15c8f4eab1974a1a623b50) Importer(2089858483,b0f066a214c2f5e87bad3c948f4d605d) (ScriptedImporter) -> (artifact id: '54cf4203d25d801e5f1e8d9073fb3051') in 0.0271264 seconds
Number of updated asset objects reloaded before import = 0Number of asset objects unloaded after import = 1

========================================================================
Received Import Request.
  Time since last request: 0.000025 seconds.
  path: Assets/Resources/Skyboxes/CloudyCrown_05_Daybreak/Textures/CloudyCrown_Daybreak_Right.png
  artifactKey: Guid(a233316cd5c3fd84bbad0597bd05102f) Importer(2089858483,b0f066a214c2f5e87bad3c948f4d605d)
Start importing Assets/Resources/Skyboxes/CloudyCrown_05_Daybreak/Textures/CloudyCrown_Daybreak_Right.png using Guid(a233316cd5c3fd84bbad0597bd05102f) Importer(2089858483,b0f066a214c2f5e87bad3c948f4d605d) (ScriptedImporter) -> (artifact id: '456f4bac92d71c75c317974404d87ebe') in 0.012481 seconds
Number of updated asset objects reloaded before import = 0Number of asset objects unloaded after import = 1

========================================================================
Received Import Request.
  Time since last request: 0.000015 seconds.
  path: Assets/Music/Voice/Male/cry short.wav
  artifactKey: Guid(fce2b608025a95049957463c5f17ae9a) Importer(2089858483,b0f066a214c2f5e87bad3c948f4d605d)
Start importing Assets/Music/Voice/Male/cry short.wav using Guid(fce2b608025a95049957463c5f17ae9a) Importer(2089858483,b0f066a214c2f5e87bad3c948f4d605d) (ScriptedImporter) -> (artifact id: '57f5289fb0e28546631ac036533bfbc7') in 0.0251042 seconds
Number of updated asset objects reloaded before import = 0Number of asset objects unloaded after import = 1

========================================================================
Received Import Request.
  Time since last request: 0.000020 seconds.
  path: Assets/MobileDependencyResolver/Editor/1.2.185/Google.JarResolver.dll
  artifactKey: Guid(459f2b4255ec498caed1c0aeb1bf03a0) Importer(2089858483,b0f066a214c2f5e87bad3c948f4d605d)
Start importing Assets/MobileDependencyResolver/Editor/1.2.185/Google.JarResolver.dll using Guid(459f2b4255ec498caed1c0aeb1bf03a0) Importer(2089858483,b0f066a214c2f5e87bad3c948f4d605d) (ScriptedImporter) -> (artifact id: 'b2c90d7150ed8a52f4e3522c019f52a0') in 0.0107896 seconds
Number of updated asset objects reloaded before import = 0Number of asset objects unloaded after import = 0

========================================================================
Received Import Request.
  Time since last request: 0.000043 seconds.
  path: Assets/Music/Voice/Male/shoot2.wav
  artifactKey: Guid(24228fbeb06880644a3ba1edb44c0875) Importer(2089858483,b0f066a214c2f5e87bad3c948f4d605d)
Start importing Assets/Music/Voice/Male/shoot2.wav using Guid(24228fbeb06880644a3ba1edb44c0875) Importer(2089858483,b0f066a214c2f5e87bad3c948f4d605d) (ScriptedImporter) -> (artifact id: 'b749d4923556354e8d5ec99c8fc58475') in 0.0262971 seconds
Number of updated asset objects reloaded before import = 0Number of asset objects unloaded after import = 1

========================================================================
Received Import Request.
  Time since last request: 0.000016 seconds.
  path: Assets/Music/Voice/Male/hah.wav
  artifactKey: Guid(adb4aaad11d81fc4b808ed3dd141a59d) Importer(2089858483,b0f066a214c2f5e87bad3c948f4d605d)
Start importing Assets/Music/Voice/Male/hah.wav using Guid(adb4aaad11d81fc4b808ed3dd141a59d) Importer(2089858483,b0f066a214c2f5e87bad3c948f4d605d) (ScriptedImporter) -> (artifact id: '95109733b0af5c2487be48403364526f') in 0.0330704 seconds
Number of updated asset objects reloaded before import = 0Number of asset objects unloaded after import = 1

========================================================================
Received Import Request.
  Time since last request: 0.000032 seconds.
  path: Assets/Music/Voice/Female/light heal.wav
  artifactKey: Guid(bf0a7eef96bee2a4ea57093f6b932df6) Importer(2089858483,b0f066a214c2f5e87bad3c948f4d605d)
Start importing Assets/Music/Voice/Female/light heal.wav using Guid(bf0a7eef96bee2a4ea57093f6b932df6) Importer(2089858483,b0f066a214c2f5e87bad3c948f4d605d) (ScriptedImporter) -> (artifact id: '538c8cf9d3b75a2601e9fd56c90243cf') in 0.0172539 seconds
Number of updated asset objects reloaded before import = 0Number of asset objects unloaded after import = 1

========================================================================
Received Import Request.
  Time since last request: 0.000016 seconds.
  path: Assets/Music/SFX/WitchSFX/Tackled.wav
  artifactKey: Guid(03a04a0ec1e27d84c94255c925c00a77) Importer(2089858483,b0f066a214c2f5e87bad3c948f4d605d)
Start importing Assets/Music/SFX/WitchSFX/Tackled.wav using Guid(03a04a0ec1e27d84c94255c925c00a77) Importer(2089858483,b0f066a214c2f5e87bad3c948f4d605d) (ScriptedImporter) -> (artifact id: '91d8a0acc899fdedd53c75b630dc906f') in 0.0200505 seconds
Number of updated asset objects reloaded before import = 0Number of asset objects unloaded after import = 1

========================================================================
Received Import Request.
  Time since last request: 0.000035 seconds.
  path: Assets/Music/Voice/Female/uhuh.wav
  artifactKey: Guid(61070369c789d8d448e74bfa56ad39f8) Importer(2089858483,b0f066a214c2f5e87bad3c948f4d605d)
Start importing Assets/Music/Voice/Female/uhuh.wav using Guid(61070369c789d8d448e74bfa56ad39f8) Importer(2089858483,b0f066a214c2f5e87bad3c948f4d605d) (ScriptedImporter) -> (artifact id: '96455710ed9cff7f0c40dca6e7018cde') in 0.026391 seconds
Number of updated asset objects reloaded before import = 0Number of asset objects unloaded after import = 1

========================================================================
Received Import Request.
  Time since last request: 0.000018 seconds.
  path: Assets/Music/SFX/TileSFX/Invisible.wav
  artifactKey: Guid(ac8d2979fe5cc544a983f0d84a6ed3c7) Importer(2089858483,b0f066a214c2f5e87bad3c948f4d605d)
Start importing Assets/Music/SFX/TileSFX/Invisible.wav using Guid(ac8d2979fe5cc544a983f0d84a6ed3c7) Importer(2089858483,b0f066a214c2f5e87bad3c948f4d605d) (ScriptedImporter) -> (artifact id: '2364eaa5ed3fa5d88e72d30601a5ad99') in 0.016459 seconds
Number of updated asset objects reloaded before import = 0Number of asset objects unloaded after import = 1

========================================================================
Received Import Request.
  Time since last request: 0.000028 seconds.
  path: Assets/MobileDependencyResolver/Editor/1.2.185/Google.VersionHandlerImpl.pdb
  artifactKey: Guid(1e8744605c2b4bc8be277df27a77a368) Importer(2089858483,b0f066a214c2f5e87bad3c948f4d605d)
Start importing Assets/MobileDependencyResolver/Editor/1.2.185/Google.VersionHandlerImpl.pdb using Guid(1e8744605c2b4bc8be277df27a77a368) Importer(2089858483,b0f066a214c2f5e87bad3c948f4d605d) (ScriptedImporter) -> (artifact id: 'bd71a189a99a9f67cac8f7d0091679de') in 0.0090957 seconds
Number of updated asset objects reloaded before import = 0Number of asset objects unloaded after import = 1

Editor requested this worker to shutdown with reason: Scaling down because of idle timeout
AssetImportWorker is now disconnected from the server
Process exiting
Exiting without the bug reporter. Application will terminate with return code 0