
=== Tue May 21 02:26:13 2019

Packages were changed.
Update Mode: mergeDefaultDependencies

The following packages were updated:
  com.unity.analytics from version 3.2.2 to 3.3.2
  com.unity.collab-proxy from version 1.2.9 to 1.2.16
  com.unity.package-manager-ui from version 2.1.1 to 2.1.2
  com.unity.purchasing from version 2.0.1 to 2.0.6
  com.unity.textmeshpro from version 1.3.0 to 2.0.0
  com.unity.timeline from version 0.0.0-builtin to 1.0.0

=== Wed Jan  6 14:56:32 2021

Packages were changed.
Update Mode: updateDependencies

The following packages were added:
  com.unity.2d.tilemap@1.0.0
  com.unity.ext.nunit@1.0.0
  com.unity.test-framework@1.0.13
  com.unity.2d.sprite@1.0.0
  com.unity.ide.vscode@1.1.3
  com.unity.ide.rider@1.1.0
  com.unity.ugui@1.0.0
  com.unity.modules.androidjni@1.0.0
The following packages were updated:
  com.unity.package-manager-ui from version 2.1.2 to 2.2.0
  com.unity.textmeshpro from version 2.0.0 to 2.0.1
  com.unity.timeline from version 1.0.0 to 1.1.0

=== Sun Jun 29 11:28:08 2025

Packages were changed.
Update Mode: updateDependencies

The following packages were added:
  com.unity.ide.visualstudio@2.0.22
  com.unity.ai.navigation@2.0.5
  com.unity.modules.accessibility@1.0.0
  com.unity.multiplayer.center@1.0.0
The following packages were updated:
  com.unity.ads from version 2.0.8 to 4.4.2
  com.unity.analytics from version 3.3.2 to 3.8.1
  com.unity.collab-proxy from version 1.2.16 to 2.6.0
  com.unity.ext.nunit from version 1.0.0 to 2.0.5
  com.unity.ide.rider from version 1.1.0 to 3.0.31
  com.unity.purchasing from version 2.0.6 to 4.12.2
  com.unity.test-framework from version 1.0.13 to 1.4.6
  com.unity.timeline from version 1.1.0 to 1.8.7
  com.unity.ugui from version 1.0.0 to 2.0.0
The following packages were removed:
  com.unity.package-manager-ui@2.2.0
  com.unity.textmeshpro@2.0.1
